2025-11-26 13:26:55,294 [INFO] workforce - Connecting to MySQL root@localhost:3306/workforce
2025-11-26 14:02:55,665 [INFO] workforce - Connecting to MySQL root@localhost:3306/workforce
2025-11-26 14:08:21,095 [INFO] workforce - Connecting to MySQL root@localhost:3306/workforce
2025-11-26 14:10:59,316 [INFO] workforce - Previewed featured view=v_burnout_ranking rows=20
2025-11-26 14:10:59,353 [INFO] workforce - Previewed featured view=v_daily_payroll rows=20
2025-11-26 14:11:00,512 [INFO] workforce - Previewed featured view=v_weekly_hours_summary rows=20
2025-11-26 14:13:28,552 [INFO] workforce.gui - GUI fetch table=v_burnout_ranking rows=50
2025-11-26 14:13:32,646 [INFO] workforce.gui - GUI fetch table=department rows=17
2025-11-26 14:13:43,515 [INFO] workforce.gui - GUI fetch table=employees rows=50
2025-11-26 14:14:00,336 [INFO] workforce.gui - GUI fetch view=v_daily_payroll rows=50
2025-11-26 14:14:08,846 [INFO] workforce.gui - GUI fetch table=payroll rows=50
2025-11-26 14:15:49,380 [INFO] workforce.gui - GUI analytics view=v_burnout_ranking rows=5
2025-11-26 14:15:52,239 [INFO] workforce.gui - GUI analytics view=v_department_ot_ranking rows=5
2025-11-26 14:15:56,583 [INFO] workforce.gui - GUI analytics view=v_daily_payroll rows=20
2025-11-26 14:16:00,197 [INFO] workforce.gui - GUI analytics view=v_burnout_ranking rows=5
2025-11-26 14:18:05,940 [INFO] workforce - Connecting to MySQL root@localhost:3306/workforce
2025-11-26 14:19:20,120 [INFO] workforce.gui - GUI analytics view=v_burnout_ranking rows=5
2025-11-26 14:19:26,743 [INFO] workforce.gui - GUI analytics view=v_daily_payroll rows=20
2025-11-26 14:22:32,717 [WARNING] workforce.gui - GUI admin login failed for user=None
2025-11-26 14:23:55,032 [INFO] workforce.gui - GUI analytics view=v_burnout_ranking rows=5
2025-11-26 14:25:20,427 [INFO] workforce.gui - GUI analytics view=v_department_ot_ranking rows=5
2025-11-26 14:26:22,349 [WARNING] workforce.gui - GUI admin login failed for user=None
2025-11-26 14:27:58,967 [INFO] workforce.gui - GUI admin login admin
2025-11-26 14:39:11,326 [INFO] workforce.gui - GUI admin login admin
2025-11-26 14:43:28,607 [INFO] workforce.gui - GUI analytics view=v_burnout_ranking rows=5
2025-11-26 14:51:19,675 [INFO] workforce.gui - GUI admin login admin
2025-11-26 14:55:26,365 [INFO] workforce.gui - GUI admin login admin
2025-11-26 15:03:36,641 [INFO] workforce.gui - GUI admin login admin
2025-11-26 15:07:34,614 [INFO] workforce.gui - GUI admin login admin
2025-11-26 15:24:38,114 [INFO] workforce.gui - GUI admin login admin
2025-11-26 15:38:15,471 [INFO] workforce.gui - GUI admin login admin
2025-11-26 15:47:09,100 [INFO] workforce.gui - GUI admin login admin
2025-11-26 15:47:11,595 [ERROR] workforce.gui - Error counting burnout view rvs_summary1: View 'rvs_summary1' not found in database.
2025-11-26 15:47:17,823 [ERROR] workforce.gui - Error counting burnout view rvs_summary1: View 'rvs_summary1' not found in database.
2025-11-26 15:55:02,538 [ERROR] workforce.gui - Error counting burnout view rvs_summary1: View 'rvs_summary1' not found in database.
2025-11-26 15:55:05,425 [ERROR] workforce.gui - Error counting burnout view rvs_summary1: View 'rvs_summary1' not found in database.
2025-11-26 15:55:05,859 [INFO] workforce.gui - GUI admin logout admin
2025-11-26 15:55:12,726 [INFO] workforce.gui - GUI admin login admin
2025-11-26 15:55:14,652 [ERROR] workforce.gui - Error counting burnout view rvs_summary1: View 'rvs_summary1' not found in database.
2025-11-26 15:55:31,667 [INFO] workforce.gui - GUI admin login admin
2025-11-26 16:07:34,294 [INFO] workforce.gui - GUI admin login admin
2025-11-26 16:07:35,562 [ERROR] workforce.gui - Error summarizing revenue (month): name 'summarize_payroll' is not defined
2025-11-26 16:07:43,488 [ERROR] workforce.gui - Error summarizing revenue (week): name 'summarize_payroll' is not defined
2025-11-26 16:09:09,309 [ERROR] workforce.gui - Error summarizing revenue (month): name 'summarize_payroll' is not defined
2025-11-26 16:09:10,749 [ERROR] workforce.gui - Error summarizing revenue (month): name 'summarize_payroll' is not defined
2025-11-26 16:11:56,509 [ERROR] workforce.gui - Error summarizing revenue (month): name 'summarize_payroll' is not defined
2025-11-26 16:11:57,950 [ERROR] workforce.gui - Error summarizing revenue (month): name 'summarize_payroll' is not defined
2025-11-26 16:11:59,363 [ERROR] workforce.gui - Error summarizing revenue (month): name 'summarize_payroll' is not defined
2025-11-26 16:12:02,338 [ERROR] workforce.gui - Error summarizing revenue (month): name 'summarize_payroll' is not defined
2025-11-26 16:12:06,230 [ERROR] workforce.gui - Error summarizing revenue (month): name 'summarize_payroll' is not defined
2025-11-26 16:12:44,993 [ERROR] workforce.gui - Error summarizing revenue (month): name 'summarize_payroll' is not defined
2025-11-26 16:12:48,544 [ERROR] workforce.gui - Error summarizing revenue (month): name 'summarize_payroll' is not defined
2025-11-26 16:14:38,138 [INFO] workforce.gui - GUI admin login admin
2025-11-26 16:18:34,708 [INFO] workforce.gui - GUI admin login admin
2025-11-26 16:32:05,353 [INFO] workforce.gui - GUI admin logout admin
2025-11-26 16:32:12,174 [INFO] workforce.gui - GUI admin login admin
2025-11-26 16:32:41,294 [INFO] workforce.gui - GUI admin login admin
2025-11-26 16:32:43,174 [ERROR] workforce.gui - Error summarizing revenue (month): local variable 'safe_limit' referenced before assignment
2025-11-26 16:33:05,257 [ERROR] workforce.gui - Error summarizing revenue (month): local variable 'safe_limit' referenced before assignment
2025-11-26 16:33:15,452 [ERROR] workforce.gui - Error summarizing revenue (month): local variable 'safe_limit' referenced before assignment
2025-11-26 16:33:19,364 [ERROR] workforce.gui - Error summarizing revenue (month): local variable 'safe_limit' referenced before assignment
2025-11-26 16:39:12,665 [INFO] workforce.gui - GUI admin login admin
2025-11-26 16:39:13,660 [ERROR] workforce.gui - Error summarizing revenue (month): local variable 'safe_limit' referenced before assignment
2025-11-26 16:39:30,463 [ERROR] workforce.gui - Error summarizing revenue (week): local variable 'safe_limit' referenced before assignment
2025-11-26 16:43:56,893 [ERROR] workforce.gui - Error summarizing revenue (week): local variable 'safe_limit' referenced before assignment
2025-11-26 16:43:59,141 [ERROR] workforce.gui - Error summarizing revenue (week): local variable 'safe_limit' referenced before assignment
2025-11-26 16:44:01,508 [ERROR] workforce.gui - Error summarizing revenue (week): local variable 'safe_limit' referenced before assignment
2025-11-26 16:44:03,089 [ERROR] workforce.gui - Error summarizing revenue (week): local variable 'safe_limit' referenced before assignment
2025-11-26 16:44:07,011 [ERROR] workforce.gui - Error summarizing revenue (month): local variable 'safe_limit' referenced before assignment
2025-11-26 16:44:10,206 [ERROR] workforce.gui - Error summarizing revenue (month): local variable 'safe_limit' referenced before assignment
2025-11-26 16:46:06,174 [INFO] workforce.gui - GUI admin login admin
2025-11-26 16:46:07,172 [ERROR] workforce.gui - Error summarizing revenue (month): local variable 'safe_limit' referenced before assignment
2025-11-26 16:46:34,229 [ERROR] workforce.gui - Error summarizing revenue (year): local variable 'safe_limit' referenced before assignment
2025-11-26 16:46:41,177 [ERROR] workforce.gui - Error summarizing revenue (week): local variable 'safe_limit' referenced before assignment
2025-11-26 16:46:44,450 [ERROR] workforce.gui - Error summarizing revenue (week): local variable 'safe_limit' referenced before assignment
2025-11-26 16:47:49,463 [ERROR] workforce.gui - Error summarizing revenue (week): local variable 'safe_limit' referenced before assignment
2025-11-26 16:47:52,216 [ERROR] workforce.gui - Error summarizing revenue (week): local variable 'safe_limit' referenced before assignment
2025-11-26 16:47:57,385 [ERROR] workforce.gui - Error summarizing revenue (month): local variable 'safe_limit' referenced before assignment
2025-11-26 16:48:00,510 [ERROR] workforce.gui - Error summarizing revenue (month): local variable 'safe_limit' referenced before assignment
2025-11-26 16:52:28,626 [INFO] workforce.gui - GUI admin login admin
2025-11-26 16:56:21,006 [INFO] workforce.gui - GUI admin login admin
2025-11-26 16:59:39,842 [INFO] workforce.gui - GUI admin logout admin
2025-11-26 16:59:49,464 [INFO] workforce.gui - GUI admin login admin
2025-11-26 17:00:32,710 [INFO] workforce.gui - GUI admin login admin
2025-11-26 17:07:16,134 [INFO] workforce.gui - GUI admin login admin
2025-11-26 17:10:52,302 [WARNING] workforce.gui - GUI admin login failed for user=admin
2025-11-26 17:10:57,666 [INFO] workforce.gui - GUI admin login admin
2025-11-26 17:17:54,813 [INFO] workforce.gui - GUI admin login admin
2025-11-26 17:21:49,026 [INFO] workforce.gui - GUI admin login admin
2025-11-26 17:26:28,806 [INFO] workforce.gui - GUI admin login admin
2025-11-26 17:46:53,242 [ERROR] workforce.gui - Error fetching employees: local variable 'year_filter' referenced before assignment
2025-11-26 17:48:37,124 [ERROR] workforce.gui - Error fetching employees: local variable 'year_filter' referenced before assignment
2025-11-26 17:48:50,374 [ERROR] workforce.gui - Error fetching employees: local variable 'year_filter' referenced before assignment
2025-11-26 17:49:00,367 [ERROR] workforce.gui - Error fetching employees: local variable 'year_filter' referenced before assignment
2025-11-26 17:49:06,576 [ERROR] workforce.gui - Error fetching employees: local variable 'year_filter' referenced before assignment
2025-11-26 17:49:10,167 [ERROR] workforce.gui - Error fetching employees: local variable 'year_filter' referenced before assignment
2025-11-26 17:49:15,544 [ERROR] workforce.gui - Error fetching employees: local variable 'year_filter' referenced before assignment
2025-11-26 17:49:25,451 [ERROR] workforce.gui - Error fetching employees: local variable 'year_filter' referenced before assignment
2025-11-26 17:49:38,052 [ERROR] workforce.gui - Error fetching employees: local variable 'year_filter' referenced before assignment
2025-11-26 17:49:48,748 [ERROR] workforce.gui - Error fetching employees: local variable 'year_filter' referenced before assignment
2025-11-26 17:50:05,303 [ERROR] workforce.gui - Error fetching employees: local variable 'year_filter' referenced before assignment
2025-11-26 17:53:08,920 [ERROR] workforce.gui - Error fetching employees: local variable 'year_filter' referenced before assignment
2025-11-26 17:53:16,151 [ERROR] workforce.gui - Error fetching employees: local variable 'year_filter' referenced before assignment
2025-11-26 17:59:05,919 [ERROR] workforce.gui - Error fetching employees: local variable 'year_filter' referenced before assignment
2025-11-26 18:01:48,696 [ERROR] workforce.gui - Error fetching employees: local variable 'year_filter' referenced before assignment
2025-11-26 18:04:38,192 [ERROR] workforce.gui - Error fetching employees: local variable 'year_filter' referenced before assignment
2025-11-26 18:07:52,297 [ERROR] workforce.gui - Error fetching employees: local variable 'year_filter' referenced before assignment
2025-11-26 18:09:46,864 [INFO] workforce.gui - GUI add employee RC0000
2025-11-26 18:09:58,393 [INFO] workforce.gui - GUI delete employee RC0000
2025-11-26 18:10:27,151 [ERROR] workforce.gui - Error fetching employees: local variable 'year_filter' referenced before assignment
2025-11-26 18:13:32,806 [ERROR] workforce.gui - Error fetching employees: local variable 'year_filter' referenced before assignment
2025-11-26 18:14:44,804 [ERROR] workforce.gui - Error fetching employees: local variable 'year_filter' referenced before assignment
2025-11-26 18:20:18,926 [ERROR] workforce.gui - Error fetching employees: local variable 'year_filter' referenced before assignment
2025-11-26 18:23:40,366 [ERROR] workforce.gui - Error fetching employees: local variable 'year_filter' referenced before assignment
2025-11-26 18:28:38,593 [ERROR] workforce.gui - Error fetching employees: local variable 'year_filter' referenced before assignment
2025-11-26 18:31:53,226 [ERROR] workforce.gui - Error fetching employees: local variable 'year_filter' referenced before assignment
2025-11-26 18:33:11,717 [INFO] workforce.gui - GUI add time record emp_id=RC0188 date=2025-11-26
2025-11-26 18:33:24,670 [INFO] workforce.gui - GUI delete time record emp_id=RC0188 date=2025-11-26
2025-11-26 18:34:48,951 [ERROR] workforce.gui - Error fetching employees: local variable 'year_filter' referenced before assignment
2025-11-26 18:36:22,160 [ERROR] workforce.gui - Error fetching employees: local variable 'year_filter' referenced before assignment
2025-11-26 18:43:33,056 [ERROR] workforce.gui - Error fetching employees: local variable 'year_filter' referenced before assignment
2025-11-26 18:47:34,739 [ERROR] workforce.gui - Error fetching employees: local variable 'year_filter' referenced before assignment
2025-11-26 18:49:42,824 [ERROR] workforce.gui - Error fetching employees: local variable 'year_filter' referenced before assignment
2025-11-26 18:51:37,071 [ERROR] workforce.gui - Error fetching employees: local variable 'year_filter' referenced before assignment
2025-11-26 18:57:52,957 [ERROR] workforce.gui - Error fetching employees: local variable 'year_filter' referenced before assignment
2025-11-26 18:59:00,819 [ERROR] workforce.gui - Error fetching employees: local variable 'year_filter' referenced before assignment
2025-11-26 19:00:20,486 [ERROR] workforce.gui - Error fetching employees: local variable 'year_filter' referenced before assignment
2025-11-26 19:32:15,796 [ERROR] workforce.gui - Error fetching employees: local variable 'year_filter' referenced before assignment
2025-11-26 20:03:21,877 [ERROR] workforce.gui - Error fetching employees: local variable 'year_filter' referenced before assignment
2025-11-26 20:03:24,554 [ERROR] workforce.gui - Error fetching employees: local variable 'year_filter' referenced before assignment
2025-11-26 20:03:27,050 [ERROR] workforce.gui - Error fetching employees: local variable 'year_filter' referenced before assignment
2025-11-26 20:03:29,707 [ERROR] workforce.gui - Error fetching employees: local variable 'year_filter' referenced before assignment
2025-11-26 20:03:32,288 [ERROR] workforce.gui - Error fetching employees: local variable 'year_filter' referenced before assignment
2025-11-26 20:03:51,706 [ERROR] workforce.gui - Error fetching employees: local variable 'year_filter' referenced before assignment
2025-11-26 20:04:21,337 [INFO] workforce.gui - GUI add employee RC0000
2025-11-26 20:04:27,987 [INFO] workforce.gui - GUI delete employee RC0000
2025-11-26 20:09:15,051 [ERROR] workforce.gui - Error fetching employees: local variable 'year_filter' referenced before assignment
2025-11-26 20:09:19,243 [ERROR] workforce.gui - Error fetching employees: local variable 'year_filter' referenced before assignment
2025-11-26 20:09:24,078 [ERROR] workforce.gui - Error fetching employees: local variable 'year_filter' referenced before assignment
2025-11-26 20:09:27,225 [ERROR] workforce.gui - Error fetching employees: local variable 'year_filter' referenced before assignment
2025-11-26 20:09:39,221 [ERROR] workforce.gui - Error fetching employees: local variable 'year_filter' referenced before assignment
2025-11-26 20:09:44,597 [ERROR] workforce.gui - Error fetching employees: local variable 'year_filter' referenced before assignment
2025-11-26 20:09:50,229 [ERROR] workforce.gui - Error fetching employees: local variable 'year_filter' referenced before assignment
2025-11-26 20:20:50,422 [ERROR] workforce.gui - Error fetching employees: local variable 'year_filter' referenced before assignment
2025-11-26 21:17:11,747 [ERROR] workforce.gui - Error fetching employees: local variable 'year_filter' referenced before assignment
2025-11-26 21:27:25,189 [ERROR] workforce.gui - Error fetching employees: local variable 'year_filter' referenced before assignment
2025-11-26 21:34:54,751 [ERROR] workforce.gui - Error fetching employees: local variable 'year_filter' referenced before assignment
2025-11-26 21:39:00,451 [ERROR] workforce.gui - Error fetching employees: local variable 'year_filter' referenced before assignment
2025-11-26 21:42:28,367 [ERROR] workforce.gui - Error fetching employees: local variable 'year_filter' referenced before assignment
2025-11-26 21:46:34,349 [ERROR] workforce.gui - Error fetching employees: local variable 'year_filter' referenced before assignment
2025-11-26 21:49:01,688 [ERROR] workforce.gui - Error fetching employees: local variable 'year_filter' referenced before assignment
2025-11-26 21:56:29,236 [ERROR] workforce.gui - Error fetching employees: local variable 'year_filter' referenced before assignment
2025-11-26 22:00:05,385 [ERROR] workforce.gui - Error fetching employees: local variable 'year_filter' referenced before assignment
2025-11-26 22:11:30,307 [ERROR] workforce.gui - Error fetching employees: local variable 'year_filter' referenced before assignment
2025-11-26 23:16:43,040 [INFO] workforce - Connecting to MySQL root@localhost:3306/workforce_final
2025-11-26 23:45:39,278 [INFO] workforce - Connecting to MySQL root@localhost:3306/workforce_final
2025-11-26 23:47:08,206 [INFO] workforce - Connecting to MySQL root@localhost:3306/workforce_final
2025-11-26 23:52:50,310 [ERROR] workforce.gui - Error fetching employees: cannot access local variable 'year_filter' where it is not associated with a value
2025-11-26 23:55:37,325 [ERROR] workforce.gui - Error fetching employees: cannot access local variable 'year_filter' where it is not associated with a value
2025-11-26 23:59:19,271 [ERROR] workforce.gui - Error fetching employees: cannot access local variable 'year_filter' where it is not associated with a value
2025-11-27 00:01:10,380 [ERROR] workforce.gui - Error fetching employees: cannot access local variable 'year_filter' where it is not associated with a value
2025-11-27 00:03:18,284 [ERROR] workforce.gui - Error fetching employees: cannot access local variable 'year_filter' where it is not associated with a value
2025-11-27 00:06:38,307 [ERROR] workforce.gui - Error fetching employees: cannot access local variable 'year_filter' where it is not associated with a value
2025-11-27 00:10:02,203 [ERROR] workforce.gui - Error fetching employees: cannot access local variable 'year_filter' where it is not associated with a value
2025-11-27 00:11:42,910 [ERROR] workforce.gui - Error fetching employees: cannot access local variable 'year_filter' where it is not associated with a value
2025-11-27 00:18:54,360 [ERROR] workforce.gui - Error fetching employees: cannot access local variable 'year_filter' where it is not associated with a value
2025-11-27 00:30:49,072 [ERROR] workforce.gui - Error fetching employees: cannot access local variable 'year_filter' where it is not associated with a value
2025-11-27 00:32:42,739 [ERROR] workforce.gui - Error fetching employees: cannot access local variable 'year_filter' where it is not associated with a value
2025-11-27 00:33:00,765 [WARNING] workforce.gui - OT trend view 'v_ot_trend' failed, falling back to direct query: 1055 (42000): Expression #6 of SELECT list is not in GROUP BY clause and contains nonaggregated column 'workforce_final.tr.work_date' which is not functionally dependent on columns in GROUP BY clause; this is incompatible with sql_mode=only_full_group_by
2025-11-27 08:48:04,824 [ERROR] workforce.gui - Error fetching employees: cannot access local variable 'year_filter' where it is not associated with a value
2025-11-27 21:42:59,736 [ERROR] workforce.gui - Error fetching employees: cannot access local variable 'year_filter' where it is not associated with a value
2025-11-27 21:42:59,740 [ERROR] workforce.gui - Error summarizing OT (month): 1045 (28000): Access denied for user 'root'@'localhost' (using password: YES)
2025-11-27 21:42:59,744 [ERROR] workforce.gui - Error summarizing revenue (month): 1045 (28000): Access denied for user 'root'@'localhost' (using password: YES)
2025-11-27 21:42:59,747 [ERROR] workforce.gui - Error summarizing revenue trend (month): 1045 (28000): Access denied for user 'root'@'localhost' (using password: YES)
2025-11-27 21:42:59,750 [ERROR] workforce.gui - Error counting burnout view v_weekly_hours_summary: 1045 (28000): Access denied for user 'root'@'localhost' (using password: YES)
2025-11-27 21:42:59,754 [ERROR] workforce.gui - Error summarizing OT by department: 1045 (28000): Access denied for user 'root'@'localhost' (using password: YES)
2025-11-27 21:42:59,757 [ERROR] workforce.gui - Error summarizing revenue by department: 1045 (28000): Access denied for user 'root'@'localhost' (using password: YES)
2025-11-27 21:43:03,955 [ERROR] workforce.gui - Error listing database views: 1045 (28000): Access denied for user 'root'@'localhost' (using password: YES)
2025-11-27 21:43:03,972 [ERROR] workforce.gui - Error loading employees for daily payroll: 1045 (28000): Access denied for user 'root'@'localhost' (using password: YES)
2025-11-27 21:43:05,217 [ERROR] workforce.gui - Error loading employees for monthly payroll: 1045 (28000): Access denied for user 'root'@'localhost' (using password: YES)
2025-11-27 21:49:37,691 [ERROR] workforce.gui - Error fetching employees: cannot access local variable 'year_filter' where it is not associated with a value
2025-11-27 21:49:37,848 [ERROR] workforce.gui - Error summarizing revenue (month): 1054 (42S22): Unknown column 'total_pay' in 'field list'
2025-11-27 21:49:37,857 [ERROR] workforce.gui - Error summarizing revenue trend (month): 1054 (42S22): Unknown column 'total_pay' in 'field list'
2025-11-27 21:49:37,862 [ERROR] workforce.gui - Error counting burnout view v_weekly_hours_summary: 1356 (HY000): View 'workforcev2.v_weekly_hours_summary' references invalid table(s) or column(s) or function(s) or definer/invoker of view lack rights to use them
2025-11-27 21:49:38,031 [ERROR] workforce.gui - Error summarizing revenue by department: 1054 (42S22): Unknown column 'total_pay' in 'field list'
2025-11-27 21:49:46,241 [ERROR] workforce.gui - Error fetching employees: cannot access local variable 'year_filter' where it is not associated with a value
2025-11-27 21:49:46,388 [ERROR] workforce.gui - Error summarizing revenue (month): 1054 (42S22): Unknown column 'total_pay' in 'field list'
2025-11-27 21:49:46,403 [ERROR] workforce.gui - Error summarizing revenue trend (month): 1054 (42S22): Unknown column 'total_pay' in 'field list'
2025-11-27 21:49:46,411 [ERROR] workforce.gui - Error counting burnout view v_weekly_hours_summary: 1356 (HY000): View 'workforcev2.v_weekly_hours_summary' references invalid table(s) or column(s) or function(s) or definer/invoker of view lack rights to use them
2025-11-27 21:49:46,505 [ERROR] workforce.gui - Error summarizing revenue by department: 1054 (42S22): Unknown column 'total_pay' in 'field list'
2025-11-27 21:49:55,773 [INFO] workforce.gui - GUI admin logout auto
2025-11-27 21:49:55,793 [ERROR] workforce.gui - Error fetching employees: cannot access local variable 'year_filter' where it is not associated with a value
2025-11-27 21:49:55,930 [ERROR] workforce.gui - Error summarizing revenue (month): 1054 (42S22): Unknown column 'total_pay' in 'field list'
2025-11-27 21:49:55,943 [ERROR] workforce.gui - Error summarizing revenue trend (month): 1054 (42S22): Unknown column 'total_pay' in 'field list'
2025-11-27 21:49:55,952 [ERROR] workforce.gui - Error counting burnout view v_weekly_hours_summary: 1356 (HY000): View 'workforcev2.v_weekly_hours_summary' references invalid table(s) or column(s) or function(s) or definer/invoker of view lack rights to use them
2025-11-27 21:49:56,043 [ERROR] workforce.gui - Error summarizing revenue by department: 1054 (42S22): Unknown column 'total_pay' in 'field list'
2025-11-27 21:57:35,530 [ERROR] workforce.gui - Error fetching employees: cannot access local variable 'year_filter' where it is not associated with a value
2025-11-27 21:57:35,700 [ERROR] workforce.gui - Error summarizing revenue (month): 1054 (42S22): Unknown column 'total_pay' in 'field list'
2025-11-27 21:57:35,709 [ERROR] workforce.gui - Error summarizing revenue trend (month): 1054 (42S22): Unknown column 'total_pay' in 'field list'
2025-11-27 21:57:35,715 [ERROR] workforce.gui - Error counting burnout view v_weekly_hours_summary: 1356 (HY000): View 'workforcev2.v_weekly_hours_summary' references invalid table(s) or column(s) or function(s) or definer/invoker of view lack rights to use them
2025-11-27 21:57:35,884 [ERROR] workforce.gui - Error summarizing revenue by department: 1054 (42S22): Unknown column 'total_pay' in 'field list'
2025-11-27 21:59:56,724 [ERROR] workforce.gui - Error fetching employees: cannot access local variable 'year_filter' where it is not associated with a value
2025-11-27 21:59:56,895 [ERROR] workforce.gui - Error summarizing revenue (month): 1054 (42S22): Unknown column 'total_pay' in 'field list'
2025-11-27 21:59:56,904 [ERROR] workforce.gui - Error summarizing revenue trend (month): 1054 (42S22): Unknown column 'total_pay' in 'field list'
2025-11-27 21:59:56,910 [ERROR] workforce.gui - Error counting burnout view v_weekly_hours_summary: 1356 (HY000): View 'workforcev2.v_weekly_hours_summary' references invalid table(s) or column(s) or function(s) or definer/invoker of view lack rights to use them
2025-11-27 21:59:57,092 [ERROR] workforce.gui - Error summarizing revenue by department: 1054 (42S22): Unknown column 'total_pay' in 'field list'
2025-11-27 22:18:08,964 [ERROR] workforce.gui - Error fetching employees: cannot access local variable 'year_filter' where it is not associated with a value
2025-11-27 22:18:09,124 [ERROR] workforce.gui - Error summarizing revenue (month): 1054 (42S22): Unknown column 'total_pay' in 'field list'
2025-11-27 22:18:09,133 [ERROR] workforce.gui - Error summarizing revenue trend (month): 1054 (42S22): Unknown column 'total_pay' in 'field list'
2025-11-27 22:18:09,140 [ERROR] workforce.gui - Error counting burnout view v_weekly_hours_summary: 1356 (HY000): View 'workforcev2.v_weekly_hours_summary' references invalid table(s) or column(s) or function(s) or definer/invoker of view lack rights to use them
2025-11-27 22:18:09,270 [ERROR] workforce.gui - Error summarizing revenue by department: 1054 (42S22): Unknown column 'total_pay' in 'field list'
2025-11-27 22:21:13,553 [ERROR] workforce.gui - Error fetching employees: cannot access local variable 'year_filter' where it is not associated with a value
2025-11-27 22:21:13,709 [ERROR] workforce.gui - Error summarizing revenue (month): 1054 (42S22): Unknown column 'total_pay' in 'field list'
2025-11-27 22:21:13,718 [ERROR] workforce.gui - Error summarizing revenue trend (month): 1054 (42S22): Unknown column 'total_pay' in 'field list'
2025-11-27 22:21:13,724 [ERROR] workforce.gui - Error counting burnout view v_weekly_hours_summary: 1356 (HY000): View 'workforcev2.v_weekly_hours_summary' references invalid table(s) or column(s) or function(s) or definer/invoker of view lack rights to use them
2025-11-27 22:21:13,898 [ERROR] workforce.gui - Error summarizing revenue by department: 1054 (42S22): Unknown column 'total_pay' in 'field list'
2025-11-27 22:45:13,176 [ERROR] workforce.gui - Error fetching employees: cannot access local variable 'year_filter' where it is not associated with a value
2025-11-27 22:45:13,335 [ERROR] workforce.gui - Error summarizing revenue (month): 1054 (42S22): Unknown column 'total_pay' in 'field list'
2025-11-27 22:45:13,344 [ERROR] workforce.gui - Error summarizing revenue trend (month): 1054 (42S22): Unknown column 'total_pay' in 'field list'
2025-11-27 22:45:13,350 [ERROR] workforce.gui - Error counting burnout view v_weekly_hours_summary: 1356 (HY000): View 'workforcev2.v_weekly_hours_summary' references invalid table(s) or column(s) or function(s) or definer/invoker of view lack rights to use them
2025-11-27 22:45:13,482 [ERROR] workforce.gui - Error summarizing revenue by department: 1054 (42S22): Unknown column 'total_pay' in 'field list'
2025-11-28 14:51:30,996 [ERROR] workforce.gui - Error fetching employees: cannot access local variable 'year_filter' where it is not associated with a value
2025-11-28 14:51:31,153 [ERROR] workforce.gui - Error summarizing revenue (month): 1054 (42S22): Unknown column 'total_pay' in 'field list'
2025-11-28 14:51:31,161 [ERROR] workforce.gui - Error summarizing revenue trend (month): 1054 (42S22): Unknown column 'total_pay' in 'field list'
2025-11-28 14:51:31,168 [ERROR] workforce.gui - Error counting burnout view v_weekly_hours_summary: 1356 (HY000): View 'workforcev2.v_weekly_hours_summary' references invalid table(s) or column(s) or function(s) or definer/invoker of view lack rights to use them
2025-11-28 14:51:31,309 [ERROR] workforce.gui - Error summarizing revenue by department: 1054 (42S22): Unknown column 'total_pay' in 'field list'
2025-11-28 15:00:52,498 [ERROR] workforce.gui - Error fetching employees: cannot access local variable 'year_filter' where it is not associated with a value
2025-11-28 15:00:52,731 [ERROR] workforce.gui - Error summarizing revenue (month): 1054 (42S22): Unknown column 'total_pay' in 'field list'
2025-11-28 15:00:52,744 [ERROR] workforce.gui - Error summarizing revenue trend (month): 1054 (42S22): Unknown column 'total_pay' in 'field list'
2025-11-28 15:00:52,750 [ERROR] workforce.gui - Error counting burnout view v_weekly_hours_summary: 1356 (HY000): View 'workforcev2.v_weekly_hours_summary' references invalid table(s) or column(s) or function(s) or definer/invoker of view lack rights to use them
2025-11-28 15:00:52,877 [ERROR] workforce.gui - Error summarizing revenue by department: 1054 (42S22): Unknown column 'total_pay' in 'field list'
2025-11-28 17:02:11,478 [ERROR] workforce.gui - Error fetching employees: cannot access local variable 'year_filter' where it is not associated with a value
2025-11-28 17:04:22,701 [ERROR] workforce.gui - Error fetching employees: cannot access local variable 'year_filter' where it is not associated with a value
2025-11-28 17:04:59,333 [ERROR] workforce.gui - Error fetching employees: cannot access local variable 'year_filter' where it is not associated with a value
2025-11-28 17:06:40,199 [ERROR] workforce.gui - Error fetching employees: cannot access local variable 'year_filter' where it is not associated with a value
2025-11-28 17:06:45,440 [INFO] workforce.gui - GUI admin logout auto
2025-11-28 17:06:45,466 [ERROR] workforce.gui - Error fetching employees: cannot access local variable 'year_filter' where it is not associated with a value
2025-11-28 17:08:19,644 [ERROR] workforce.gui - Error fetching employees: cannot access local variable 'year_filter' where it is not associated with a value
2025-11-28 17:08:51,115 [ERROR] workforce.gui - Error fetching employees: cannot access local variable 'year_filter' where it is not associated with a value
2025-11-28 17:10:03,615 [ERROR] workforce.gui - Error fetching employees: cannot access local variable 'year_filter' where it is not associated with a value
